<?xml version="1.0" encoding="UTF-8"?>
<!-- Generated by org.testng.reporters.JUnitReportReporter -->
<testsuite hostname="REM-LT-230102A" failures="0" tests="1" name="com.unosquare.POST2" time="4.499" errors="0" timestamp="2023-01-12T14:10:51 CST" skipped="0">
  <testcase classname="com.unosquare.POST2" name="postUsingJSON2" time="4.499"/>
  <system-out>
    <![CDATA[This is the body I'm sending: {"name":"Mac","job":"iOS Developer"}
This is the response code: 201
This is the response body: {"name":"Mac","job":"iOS Developer","id":"987","createdAt":"2023-01-12T20:10:43.756Z"}]]>
  </system-out>
</testsuite> <!-- com.unosquare.POST2 -->
