<?xml version="1.0" encoding="UTF-8"?>
<!-- Generated by org.testng.reporters.JUnitReportReporter -->
<testsuite hostname="REM-LT-230102A" failures="0" tests="2" name="com.unosquare.FirstAPITest" time="6.577" errors="0" timestamp="2023-01-12T13:34:42 CST" skipped="0">
  <testcase classname="com.unosquare.FirstAPITest" name="test1" time="5.849"/>
  <system-out>
    <![CDATA[Sucess 200 validation
{"data":{"id":2,"email":"janet.weaver@reqres.in","first_name":"Janet","last_name":"Weaver","avatar":"https://reqres.in/img/faces/2-image.jpg"},"support":{"url":"https://reqres.in/#support-heading","text":"To keep ReqRes free, contributions towards server costs are appreciated!"}}]]>
  </system-out>
  <testcase classname="com.unosquare.FirstAPITest" name="test2" time="0.728"/>
  <system-out>
    <![CDATA[Sucess 200 validation
{"data":{"id":2,"name":"fuchsia rose","year":2001,"color":"#C74375","pantone_value":"17-2031"},"support":{"url":"https://reqres.in/#support-heading","text":"To keep ReqRes free, contributions towards server costs are appreciated!"}}]]>
  </system-out>
</testsuite> <!-- com.unosquare.FirstAPITest -->
