<?xml version="1.0" encoding="UTF-8"?>
<!-- Generated by org.testng.reporters.JUnitReportReporter -->
<testsuite hostname="REM-LT-230102A" failures="0" tests="2" name="com.unosquare.POST1" time="5.034" errors="0" timestamp="2023-01-12T14:12:59 CST" skipped="0">
  <testcase classname="com.unosquare.POST1" name="postUsingJSON1" time="4.490"/>
  <system-out>
    <![CDATA[This is the body I'm sending: {"name":"Bryan","job":"SDET"}
This is the response code: 201
This is the response body: {"name":"Bryan","job":"SDET","id":"389","createdAt":"2023-01-12T20:12:52.103Z"}]]>
  </system-out>
  <testcase classname="com.unosquare.POST1" name="postUsingJSON2" time="0.544"/>
  <system-out>
    <![CDATA[This is the body I'm sending: {"name":"Mac","job":"iOS Developer"}
This is the response code: 201
This is the response body: {"name":"Mac","job":"iOS Developer","id":"535","createdAt":"2023-01-12T20:12:52.745Z"}]]>
  </system-out>
</testsuite> <!-- com.unosquare.POST1 -->
